2021-07-25T10:04:56+00:00 CRITICAL Uncaught TypeError: array_keys(): Argument #1 ($array) must be of type array, null given in /home/omid/programe/wordpress/coastwest/www2/wp-content/themes/omid/woocommerce/single-product/product-image.php:70
Stack trace:
#0 /home/omid/programe/wordpress/coastwest/www2/wp-content/themes/omid/woocommerce/single-product/product-image.php(70): array_keys(NULL)
#1 /home/omid/programe/wordpress/coastwest/www2/wp-content/plugins/woocommerce/includes/wc-core-functions.php(345): include('/home/omid/prog...')
#2 /home/omid/programe/wordpress/coastwest/www2/wp-content/plugins/woocommerce/includes/wc-template-functions.php(1482): wc_get_template('single-product/...')
#3 /home/omid/programe/wordpress/coastwest/www2/wp-includes/class-wp-hook.php(292): woocommerce_show_product_images('')
#4 /home/omid/programe/wordpress/coastwest/www2/wp-includes/class-wp-hook.php(316): WP_Hook->apply_filters(NULL, Array)
#5 /home/omid/programe/wordpress/coastwest/www2/wp-includes/plugin.php(484): WP_Hook->do_action(Array)
#6 /home/omid/programe/wordpress/coastwest/www2/wp-content/plugins/woocommerce/templates/content-single-product.php(43): do_action('woocommerce_bef...')
#7 /home/omid/programe/wordpress/coastwest/www2/wp-includes/template.php(732): require('/home/omid/prog...')
#8 /home/omid/programe/wordpress/coastwest/www2/wp-content/plugins/woocommerce/includes/wc-core-functions.php(284): load_template('/home/omid/prog...', false)
#9 /home/omid/programe/wordpress/coastwest/www2/wp-content/plugins/woocommerce/templates/single-product.php(37): wc_get_template_part('content', 'single-product')
#10 /home/omid/programe/wordpress/coastwest/www2/wp-includes/template-loader.php(106): include('/home/omid/prog...')
#11 /home/omid/programe/wordpress/coastwest/www2/wp-blog-header.php(19): require_once('/home/omid/prog...')
#12 /home/omid/programe/wordpress/coastwest/www2/index.php(17): require('/home/omid/prog...')
#13 {main}
  thrown in /home/omid/programe/wordpress/coastwest/www2/wp-content/themes/omid/woocommerce/single-product/product-image.php on line 70

2021-07-25T10:04:59+00:00 CRITICAL Uncaught TypeError: array_keys(): Argument #1 ($array) must be of type array, null given in /home/omid/programe/wordpress/coastwest/www2/wp-content/themes/omid/woocommerce/single-product/product-image.php:70
Stack trace:
#0 /home/omid/programe/wordpress/coastwest/www2/wp-content/themes/omid/woocommerce/single-product/product-image.php(70): array_keys(NULL)
#1 /home/omid/programe/wordpress/coastwest/www2/wp-content/plugins/woocommerce/includes/wc-core-functions.php(345): include('/home/omid/prog...')
#2 /home/omid/programe/wordpress/coastwest/www2/wp-content/plugins/woocommerce/includes/wc-template-functions.php(1482): wc_get_template('single-product/...')
#3 /home/omid/programe/wordpress/coastwest/www2/wp-includes/class-wp-hook.php(292): woocommerce_show_product_images('')
#4 /home/omid/programe/wordpress/coastwest/www2/wp-includes/class-wp-hook.php(316): WP_Hook->apply_filters(NULL, Array)
#5 /home/omid/programe/wordpress/coastwest/www2/wp-includes/plugin.php(484): WP_Hook->do_action(Array)
#6 /home/omid/programe/wordpress/coastwest/www2/wp-content/plugins/woocommerce/templates/content-single-product.php(43): do_action('woocommerce_bef...')
#7 /home/omid/programe/wordpress/coastwest/www2/wp-includes/template.php(732): require('/home/omid/prog...')
#8 /home/omid/programe/wordpress/coastwest/www2/wp-content/plugins/woocommerce/includes/wc-core-functions.php(284): load_template('/home/omid/prog...', false)
#9 /home/omid/programe/wordpress/coastwest/www2/wp-content/plugins/woocommerce/templates/single-product.php(37): wc_get_template_part('content', 'single-product')
#10 /home/omid/programe/wordpress/coastwest/www2/wp-includes/template-loader.php(106): include('/home/omid/prog...')
#11 /home/omid/programe/wordpress/coastwest/www2/wp-blog-header.php(19): require_once('/home/omid/prog...')
#12 /home/omid/programe/wordpress/coastwest/www2/index.php(17): require('/home/omid/prog...')
#13 {main}
  thrown in /home/omid/programe/wordpress/coastwest/www2/wp-content/themes/omid/woocommerce/single-product/product-image.php on line 70

2021-07-25T10:05:00+00:00 CRITICAL Uncaught TypeError: array_keys(): Argument #1 ($array) must be of type array, null given in /home/omid/programe/wordpress/coastwest/www2/wp-content/themes/omid/woocommerce/single-product/product-image.php:70
Stack trace:
#0 /home/omid/programe/wordpress/coastwest/www2/wp-content/themes/omid/woocommerce/single-product/product-image.php(70): array_keys(NULL)
#1 /home/omid/programe/wordpress/coastwest/www2/wp-content/plugins/woocommerce/includes/wc-core-functions.php(345): include('/home/omid/prog...')
#2 /home/omid/programe/wordpress/coastwest/www2/wp-content/plugins/woocommerce/includes/wc-template-functions.php(1482): wc_get_template('single-product/...')
#3 /home/omid/programe/wordpress/coastwest/www2/wp-includes/class-wp-hook.php(292): woocommerce_show_product_images('')
#4 /home/omid/programe/wordpress/coastwest/www2/wp-includes/class-wp-hook.php(316): WP_Hook->apply_filters(NULL, Array)
#5 /home/omid/programe/wordpress/coastwest/www2/wp-includes/plugin.php(484): WP_Hook->do_action(Array)
#6 /home/omid/programe/wordpress/coastwest/www2/wp-content/plugins/woocommerce/templates/content-single-product.php(43): do_action('woocommerce_bef...')
#7 /home/omid/programe/wordpress/coastwest/www2/wp-includes/template.php(732): require('/home/omid/prog...')
#8 /home/omid/programe/wordpress/coastwest/www2/wp-content/plugins/woocommerce/includes/wc-core-functions.php(284): load_template('/home/omid/prog...', false)
#9 /home/omid/programe/wordpress/coastwest/www2/wp-content/plugins/woocommerce/templates/single-product.php(37): wc_get_template_part('content', 'single-product')
#10 /home/omid/programe/wordpress/coastwest/www2/wp-includes/template-loader.php(106): include('/home/omid/prog...')
#11 /home/omid/programe/wordpress/coastwest/www2/wp-blog-header.php(19): require_once('/home/omid/prog...')
#12 /home/omid/programe/wordpress/coastwest/www2/index.php(17): require('/home/omid/prog...')
#13 {main}
  thrown in /home/omid/programe/wordpress/coastwest/www2/wp-content/themes/omid/woocommerce/single-product/product-image.php on line 70

2021-07-25T10:05:05+00:00 CRITICAL Uncaught TypeError: array_keys(): Argument #1 ($array) must be of type array, null given in /home/omid/programe/wordpress/coastwest/www2/wp-content/themes/omid/woocommerce/single-product/product-image.php:70
Stack trace:
#0 /home/omid/programe/wordpress/coastwest/www2/wp-content/themes/omid/woocommerce/single-product/product-image.php(70): array_keys(NULL)
#1 /home/omid/programe/wordpress/coastwest/www2/wp-content/plugins/woocommerce/includes/wc-core-functions.php(345): include('/home/omid/prog...')
#2 /home/omid/programe/wordpress/coastwest/www2/wp-content/plugins/woocommerce/includes/wc-template-functions.php(1482): wc_get_template('single-product/...')
#3 /home/omid/programe/wordpress/coastwest/www2/wp-includes/class-wp-hook.php(292): woocommerce_show_product_images('')
#4 /home/omid/programe/wordpress/coastwest/www2/wp-includes/class-wp-hook.php(316): WP_Hook->apply_filters(NULL, Array)
#5 /home/omid/programe/wordpress/coastwest/www2/wp-includes/plugin.php(484): WP_Hook->do_action(Array)
#6 /home/omid/programe/wordpress/coastwest/www2/wp-content/plugins/woocommerce/templates/content-single-product.php(43): do_action('woocommerce_bef...')
#7 /home/omid/programe/wordpress/coastwest/www2/wp-includes/template.php(732): require('/home/omid/prog...')
#8 /home/omid/programe/wordpress/coastwest/www2/wp-content/plugins/woocommerce/includes/wc-core-functions.php(284): load_template('/home/omid/prog...', false)
#9 /home/omid/programe/wordpress/coastwest/www2/wp-content/plugins/woocommerce/templates/single-product.php(37): wc_get_template_part('content', 'single-product')
#10 /home/omid/programe/wordpress/coastwest/www2/wp-includes/template-loader.php(106): include('/home/omid/prog...')
#11 /home/omid/programe/wordpress/coastwest/www2/wp-blog-header.php(19): require_once('/home/omid/prog...')
#12 /home/omid/programe/wordpress/coastwest/www2/index.php(17): require('/home/omid/prog...')
#13 {main}
  thrown in /home/omid/programe/wordpress/coastwest/www2/wp-content/themes/omid/woocommerce/single-product/product-image.php on line 70

2021-07-25T10:06:45+00:00 CRITICAL Uncaught TypeError: array_keys(): Argument #1 ($array) must be of type array, null given in /home/omid/programe/wordpress/coastwest/www2/wp-content/themes/omid/woocommerce/single-product/product-image.php:68
Stack trace:
#0 /home/omid/programe/wordpress/coastwest/www2/wp-content/themes/omid/woocommerce/single-product/product-image.php(68): array_keys(NULL)
#1 /home/omid/programe/wordpress/coastwest/www2/wp-content/plugins/woocommerce/includes/wc-core-functions.php(345): include('/home/omid/prog...')
#2 /home/omid/programe/wordpress/coastwest/www2/wp-content/plugins/woocommerce/includes/wc-template-functions.php(1482): wc_get_template('single-product/...')
#3 /home/omid/programe/wordpress/coastwest/www2/wp-includes/class-wp-hook.php(292): woocommerce_show_product_images('')
#4 /home/omid/programe/wordpress/coastwest/www2/wp-includes/class-wp-hook.php(316): WP_Hook->apply_filters(NULL, Array)
#5 /home/omid/programe/wordpress/coastwest/www2/wp-includes/plugin.php(484): WP_Hook->do_action(Array)
#6 /home/omid/programe/wordpress/coastwest/www2/wp-content/plugins/woocommerce/templates/content-single-product.php(43): do_action('woocommerce_bef...')
#7 /home/omid/programe/wordpress/coastwest/www2/wp-includes/template.php(732): require('/home/omid/prog...')
#8 /home/omid/programe/wordpress/coastwest/www2/wp-content/plugins/woocommerce/includes/wc-core-functions.php(284): load_template('/home/omid/prog...', false)
#9 /home/omid/programe/wordpress/coastwest/www2/wp-content/plugins/woocommerce/templates/single-product.php(37): wc_get_template_part('content', 'single-product')
#10 /home/omid/programe/wordpress/coastwest/www2/wp-includes/template-loader.php(106): include('/home/omid/prog...')
#11 /home/omid/programe/wordpress/coastwest/www2/wp-blog-header.php(19): require_once('/home/omid/prog...')
#12 /home/omid/programe/wordpress/coastwest/www2/index.php(17): require('/home/omid/prog...')
#13 {main}
  thrown in /home/omid/programe/wordpress/coastwest/www2/wp-content/themes/omid/woocommerce/single-product/product-image.php on line 68

2021-07-25T10:09:20+00:00 CRITICAL Uncaught TypeError: array_keys(): Argument #1 ($array) must be of type array, null given in /home/omid/programe/wordpress/coastwest/www2/wp-content/themes/omid/woocommerce/single-product/product-image.php:68
Stack trace:
#0 /home/omid/programe/wordpress/coastwest/www2/wp-content/themes/omid/woocommerce/single-product/product-image.php(68): array_keys(NULL)
#1 /home/omid/programe/wordpress/coastwest/www2/wp-content/plugins/woocommerce/includes/wc-core-functions.php(345): include('/home/omid/prog...')
#2 /home/omid/programe/wordpress/coastwest/www2/wp-content/plugins/woocommerce/includes/wc-template-functions.php(1482): wc_get_template('single-product/...')
#3 /home/omid/programe/wordpress/coastwest/www2/wp-includes/class-wp-hook.php(292): woocommerce_show_product_images('')
#4 /home/omid/programe/wordpress/coastwest/www2/wp-includes/class-wp-hook.php(316): WP_Hook->apply_filters(NULL, Array)
#5 /home/omid/programe/wordpress/coastwest/www2/wp-includes/plugin.php(484): WP_Hook->do_action(Array)
#6 /home/omid/programe/wordpress/coastwest/www2/wp-content/plugins/woocommerce/templates/content-single-product.php(43): do_action('woocommerce_bef...')
#7 /home/omid/programe/wordpress/coastwest/www2/wp-includes/template.php(732): require('/home/omid/prog...')
#8 /home/omid/programe/wordpress/coastwest/www2/wp-content/plugins/woocommerce/includes/wc-core-functions.php(284): load_template('/home/omid/prog...', false)
#9 /home/omid/programe/wordpress/coastwest/www2/wp-content/plugins/woocommerce/templates/single-product.php(37): wc_get_template_part('content', 'single-product')
#10 /home/omid/programe/wordpress/coastwest/www2/wp-includes/template-loader.php(106): include('/home/omid/prog...')
#11 /home/omid/programe/wordpress/coastwest/www2/wp-blog-header.php(19): require_once('/home/omid/prog...')
#12 /home/omid/programe/wordpress/coastwest/www2/index.php(17): require('/home/omid/prog...')
#13 {main}
  thrown in /home/omid/programe/wordpress/coastwest/www2/wp-content/themes/omid/woocommerce/single-product/product-image.php on line 68

2021-07-25T10:11:04+00:00 CRITICAL Uncaught TypeError: array_keys(): Argument #1 ($array) must be of type array, null given in /home/omid/programe/wordpress/coastwest/www2/wp-content/themes/omid/woocommerce/single-product/product-image.php:68
Stack trace:
#0 /home/omid/programe/wordpress/coastwest/www2/wp-content/themes/omid/woocommerce/single-product/product-image.php(68): array_keys(NULL)
#1 /home/omid/programe/wordpress/coastwest/www2/wp-content/plugins/woocommerce/includes/wc-core-functions.php(345): include('/home/omid/prog...')
#2 /home/omid/programe/wordpress/coastwest/www2/wp-content/plugins/woocommerce/includes/wc-template-functions.php(1482): wc_get_template('single-product/...')
#3 /home/omid/programe/wordpress/coastwest/www2/wp-includes/class-wp-hook.php(292): woocommerce_show_product_images('')
#4 /home/omid/programe/wordpress/coastwest/www2/wp-includes/class-wp-hook.php(316): WP_Hook->apply_filters(NULL, Array)
#5 /home/omid/programe/wordpress/coastwest/www2/wp-includes/plugin.php(484): WP_Hook->do_action(Array)
#6 /home/omid/programe/wordpress/coastwest/www2/wp-content/plugins/woocommerce/templates/content-single-product.php(43): do_action('woocommerce_bef...')
#7 /home/omid/programe/wordpress/coastwest/www2/wp-includes/template.php(732): require('/home/omid/prog...')
#8 /home/omid/programe/wordpress/coastwest/www2/wp-content/plugins/woocommerce/includes/wc-core-functions.php(284): load_template('/home/omid/prog...', false)
#9 /home/omid/programe/wordpress/coastwest/www2/wp-content/plugins/woocommerce/templates/single-product.php(37): wc_get_template_part('content', 'single-product')
#10 /home/omid/programe/wordpress/coastwest/www2/wp-includes/template-loader.php(106): include('/home/omid/prog...')
#11 /home/omid/programe/wordpress/coastwest/www2/wp-blog-header.php(19): require_once('/home/omid/prog...')
#12 /home/omid/programe/wordpress/coastwest/www2/index.php(17): require('/home/omid/prog...')
#13 {main}
  thrown in /home/omid/programe/wordpress/coastwest/www2/wp-content/themes/omid/woocommerce/single-product/product-image.php on line 68

2021-07-25T10:11:23+00:00 CRITICAL Uncaught TypeError: array_keys(): Argument #1 ($array) must be of type array, null given in /home/omid/programe/wordpress/coastwest/www2/wp-content/themes/omid/woocommerce/single-product/product-image.php:68
Stack trace:
#0 /home/omid/programe/wordpress/coastwest/www2/wp-content/themes/omid/woocommerce/single-product/product-image.php(68): array_keys(NULL)
#1 /home/omid/programe/wordpress/coastwest/www2/wp-content/plugins/woocommerce/includes/wc-core-functions.php(345): include('/home/omid/prog...')
#2 /home/omid/programe/wordpress/coastwest/www2/wp-content/plugins/woocommerce/includes/wc-template-functions.php(1482): wc_get_template('single-product/...')
#3 /home/omid/programe/wordpress/coastwest/www2/wp-includes/class-wp-hook.php(292): woocommerce_show_product_images('')
#4 /home/omid/programe/wordpress/coastwest/www2/wp-includes/class-wp-hook.php(316): WP_Hook->apply_filters(NULL, Array)
#5 /home/omid/programe/wordpress/coastwest/www2/wp-includes/plugin.php(484): WP_Hook->do_action(Array)
#6 /home/omid/programe/wordpress/coastwest/www2/wp-content/plugins/woocommerce/templates/content-single-product.php(43): do_action('woocommerce_bef...')
#7 /home/omid/programe/wordpress/coastwest/www2/wp-includes/template.php(732): require('/home/omid/prog...')
#8 /home/omid/programe/wordpress/coastwest/www2/wp-content/plugins/woocommerce/includes/wc-core-functions.php(284): load_template('/home/omid/prog...', false)
#9 /home/omid/programe/wordpress/coastwest/www2/wp-content/plugins/woocommerce/templates/single-product.php(37): wc_get_template_part('content', 'single-product')
#10 /home/omid/programe/wordpress/coastwest/www2/wp-includes/template-loader.php(106): include('/home/omid/prog...')
#11 /home/omid/programe/wordpress/coastwest/www2/wp-blog-header.php(19): require_once('/home/omid/prog...')
#12 /home/omid/programe/wordpress/coastwest/www2/index.php(17): require('/home/omid/prog...')
#13 {main}
  thrown in /home/omid/programe/wordpress/coastwest/www2/wp-content/themes/omid/woocommerce/single-product/product-image.php on line 68

2021-07-25T10:12:45+00:00 CRITICAL Uncaught Error: Call to a member function get_permalink() on null in /home/omid/programe/wordpress/coastwest/www2/wp-content/themes/omid/woocommerce/single-product/add-to-cart/variable.php:28
Stack trace:
#0 /home/omid/programe/wordpress/coastwest/www2/wp-content/plugins/woocommerce/includes/wc-core-functions.php(345): include()
#1 /home/omid/programe/wordpress/coastwest/www2/wp-content/plugins/woocommerce/includes/wc-template-functions.php(1674): wc_get_template('single-product/...', Array)
#2 /home/omid/programe/wordpress/coastwest/www2/wp-includes/class-wp-hook.php(292): woocommerce_variable_add_to_cart('')
#3 /home/omid/programe/wordpress/coastwest/www2/wp-includes/class-wp-hook.php(316): WP_Hook->apply_filters('', Array)
#4 /home/omid/programe/wordpress/coastwest/www2/wp-includes/plugin.php(484): WP_Hook->do_action(Array)
#5 /home/omid/programe/wordpress/coastwest/www2/wp-content/plugins/woocommerce/includes/wc-template-functions.php(1620): do_action('woocommerce_var...')
#6 /home/omid/programe/wordpress/coastwest/www2/wp-includes/class-wp-hook.php(292): woocommerce_template_single_add_to_cart('')
#7 /home/omid/programe/wordpress/coastwest/www2/wp-includes/class-wp-hook.php(316): WP_Hook->apply_filters(NULL, Array)
#8 /home/omid/programe/wordpress/coastwest/www2/wp-includes/plugin.php(484): WP_Hook->do_action(Array)
#9 /home/omid/programe/wordpress/coastwest/www2/wp-content/plugins/woocommerce/templates/content-single-product.php(60): do_action('woocommerce_sin...')
#10 /home/omid/programe/wordpress/coastwest/www2/wp-includes/template.php(732): require('/home/omid/prog...')
#11 /home/omid/programe/wordpress/coastwest/www2/wp-content/plugins/woocommerce/includes/wc-core-functions.php(284): load_template('/home/omid/prog...', false)
#12 /home/omid/programe/wordpress/coastwest/www2/wp-content/plugins/woocommerce/templates/single-product.php(37): wc_get_template_part('content', 'single-product')
#13 /home/omid/programe/wordpress/coastwest/www2/wp-includes/template-loader.php(106): include('/home/omid/prog...')
#14 /home/omid/programe/wordpress/coastwest/www2/wp-blog-header.php(19): require_once('/home/omid/prog...')
#15 /home/omid/programe/wordpress/coastwest/www2/index.php(17): require('/home/omid/prog...')
#16 {main}
  thrown in /home/omid/programe/wordpress/coastwest/www2/wp-content/themes/omid/woocommerce/single-product/add-to-cart/variable.php on line 28

2021-07-25T10:12:52+00:00 CRITICAL Uncaught Error: Call to a member function get_permalink() on null in /home/omid/programe/wordpress/coastwest/www2/wp-content/themes/omid/woocommerce/single-product/add-to-cart/variable.php:28
Stack trace:
#0 /home/omid/programe/wordpress/coastwest/www2/wp-content/plugins/woocommerce/includes/wc-core-functions.php(345): include()
#1 /home/omid/programe/wordpress/coastwest/www2/wp-content/plugins/woocommerce/includes/wc-template-functions.php(1674): wc_get_template('single-product/...', Array)
#2 /home/omid/programe/wordpress/coastwest/www2/wp-includes/class-wp-hook.php(292): woocommerce_variable_add_to_cart('')
#3 /home/omid/programe/wordpress/coastwest/www2/wp-includes/class-wp-hook.php(316): WP_Hook->apply_filters('', Array)
#4 /home/omid/programe/wordpress/coastwest/www2/wp-includes/plugin.php(484): WP_Hook->do_action(Array)
#5 /home/omid/programe/wordpress/coastwest/www2/wp-content/plugins/woocommerce/includes/wc-template-functions.php(1620): do_action('woocommerce_var...')
#6 /home/omid/programe/wordpress/coastwest/www2/wp-includes/class-wp-hook.php(292): woocommerce_template_single_add_to_cart('')
#7 /home/omid/programe/wordpress/coastwest/www2/wp-includes/class-wp-hook.php(316): WP_Hook->apply_filters(NULL, Array)
#8 /home/omid/programe/wordpress/coastwest/www2/wp-includes/plugin.php(484): WP_Hook->do_action(Array)
#9 /home/omid/programe/wordpress/coastwest/www2/wp-content/plugins/woocommerce/templates/content-single-product.php(60): do_action('woocommerce_sin...')
#10 /home/omid/programe/wordpress/coastwest/www2/wp-includes/template.php(732): require('/home/omid/prog...')
#11 /home/omid/programe/wordpress/coastwest/www2/wp-content/plugins/woocommerce/includes/wc-core-functions.php(284): load_template('/home/omid/prog...', false)
#12 /home/omid/programe/wordpress/coastwest/www2/wp-content/plugins/woocommerce/templates/single-product.php(37): wc_get_template_part('content', 'single-product')
#13 /home/omid/programe/wordpress/coastwest/www2/wp-includes/template-loader.php(106): include('/home/omid/prog...')
#14 /home/omid/programe/wordpress/coastwest/www2/wp-blog-header.php(19): require_once('/home/omid/prog...')
#15 /home/omid/programe/wordpress/coastwest/www2/index.php(17): require('/home/omid/prog...')
#16 {main}
  thrown in /home/omid/programe/wordpress/coastwest/www2/wp-content/themes/omid/woocommerce/single-product/add-to-cart/variable.php on line 28

2021-07-25T10:13:19+00:00 CRITICAL Uncaught Error: Call to a member function get_permalink() on null in /home/omid/programe/wordpress/coastwest/www2/wp-content/themes/omid/woocommerce/single-product/add-to-cart/variable.php:28
Stack trace:
#0 /home/omid/programe/wordpress/coastwest/www2/wp-content/plugins/woocommerce/includes/wc-core-functions.php(345): include()
#1 /home/omid/programe/wordpress/coastwest/www2/wp-content/plugins/woocommerce/includes/wc-template-functions.php(1674): wc_get_template('single-product/...', Array)
#2 /home/omid/programe/wordpress/coastwest/www2/wp-includes/class-wp-hook.php(292): woocommerce_variable_add_to_cart('')
#3 /home/omid/programe/wordpress/coastwest/www2/wp-includes/class-wp-hook.php(316): WP_Hook->apply_filters('', Array)
#4 /home/omid/programe/wordpress/coastwest/www2/wp-includes/plugin.php(484): WP_Hook->do_action(Array)
#5 /home/omid/programe/wordpress/coastwest/www2/wp-content/plugins/woocommerce/includes/wc-template-functions.php(1620): do_action('woocommerce_var...')
#6 /home/omid/programe/wordpress/coastwest/www2/wp-includes/class-wp-hook.php(292): woocommerce_template_single_add_to_cart('')
#7 /home/omid/programe/wordpress/coastwest/www2/wp-includes/class-wp-hook.php(316): WP_Hook->apply_filters(NULL, Array)
#8 /home/omid/programe/wordpress/coastwest/www2/wp-includes/plugin.php(484): WP_Hook->do_action(Array)
#9 /home/omid/programe/wordpress/coastwest/www2/wp-content/plugins/woocommerce/templates/content-single-product.php(60): do_action('woocommerce_sin...')
#10 /home/omid/programe/wordpress/coastwest/www2/wp-includes/template.php(732): require('/home/omid/prog...')
#11 /home/omid/programe/wordpress/coastwest/www2/wp-content/plugins/woocommerce/includes/wc-core-functions.php(284): load_template('/home/omid/prog...', false)
#12 /home/omid/programe/wordpress/coastwest/www2/wp-content/plugins/woocommerce/templates/single-product.php(37): wc_get_template_part('content', 'single-product')
#13 /home/omid/programe/wordpress/coastwest/www2/wp-includes/template-loader.php(106): include('/home/omid/prog...')
#14 /home/omid/programe/wordpress/coastwest/www2/wp-blog-header.php(19): require_once('/home/omid/prog...')
#15 /home/omid/programe/wordpress/coastwest/www2/index.php(17): require('/home/omid/prog...')
#16 {main}
  thrown in /home/omid/programe/wordpress/coastwest/www2/wp-content/themes/omid/woocommerce/single-product/add-to-cart/variable.php on line 28

2021-07-25T10:13:20+00:00 CRITICAL Uncaught Error: Call to a member function get_permalink() on null in /home/omid/programe/wordpress/coastwest/www2/wp-content/themes/omid/woocommerce/single-product/add-to-cart/variable.php:28
Stack trace:
#0 /home/omid/programe/wordpress/coastwest/www2/wp-content/plugins/woocommerce/includes/wc-core-functions.php(345): include()
#1 /home/omid/programe/wordpress/coastwest/www2/wp-content/plugins/woocommerce/includes/wc-template-functions.php(1674): wc_get_template('single-product/...', Array)
#2 /home/omid/programe/wordpress/coastwest/www2/wp-includes/class-wp-hook.php(292): woocommerce_variable_add_to_cart('')
#3 /home/omid/programe/wordpress/coastwest/www2/wp-includes/class-wp-hook.php(316): WP_Hook->apply_filters('', Array)
#4 /home/omid/programe/wordpress/coastwest/www2/wp-includes/plugin.php(484): WP_Hook->do_action(Array)
#5 /home/omid/programe/wordpress/coastwest/www2/wp-content/plugins/woocommerce/includes/wc-template-functions.php(1620): do_action('woocommerce_var...')
#6 /home/omid/programe/wordpress/coastwest/www2/wp-includes/class-wp-hook.php(292): woocommerce_template_single_add_to_cart('')
#7 /home/omid/programe/wordpress/coastwest/www2/wp-includes/class-wp-hook.php(316): WP_Hook->apply_filters(NULL, Array)
#8 /home/omid/programe/wordpress/coastwest/www2/wp-includes/plugin.php(484): WP_Hook->do_action(Array)
#9 /home/omid/programe/wordpress/coastwest/www2/wp-content/plugins/woocommerce/templates/content-single-product.php(60): do_action('woocommerce_sin...')
#10 /home/omid/programe/wordpress/coastwest/www2/wp-includes/template.php(732): require('/home/omid/prog...')
#11 /home/omid/programe/wordpress/coastwest/www2/wp-content/plugins/woocommerce/includes/wc-core-functions.php(284): load_template('/home/omid/prog...', false)
#12 /home/omid/programe/wordpress/coastwest/www2/wp-content/plugins/woocommerce/templates/single-product.php(37): wc_get_template_part('content', 'single-product')
#13 /home/omid/programe/wordpress/coastwest/www2/wp-includes/template-loader.php(106): include('/home/omid/prog...')
#14 /home/omid/programe/wordpress/coastwest/www2/wp-blog-header.php(19): require_once('/home/omid/prog...')
#15 /home/omid/programe/wordpress/coastwest/www2/index.php(17): require('/home/omid/prog...')
#16 {main}
  thrown in /home/omid/programe/wordpress/coastwest/www2/wp-content/themes/omid/woocommerce/single-product/add-to-cart/variable.php on line 28

2021-07-25T10:13:24+00:00 CRITICAL Uncaught Error: Call to a member function get_permalink() on null in /home/omid/programe/wordpress/coastwest/www2/wp-content/themes/omid/woocommerce/single-product/add-to-cart/variable.php:28
Stack trace:
#0 /home/omid/programe/wordpress/coastwest/www2/wp-content/plugins/woocommerce/includes/wc-core-functions.php(345): include()
#1 /home/omid/programe/wordpress/coastwest/www2/wp-content/plugins/woocommerce/includes/wc-template-functions.php(1674): wc_get_template('single-product/...', Array)
#2 /home/omid/programe/wordpress/coastwest/www2/wp-includes/class-wp-hook.php(292): woocommerce_variable_add_to_cart('')
#3 /home/omid/programe/wordpress/coastwest/www2/wp-includes/class-wp-hook.php(316): WP_Hook->apply_filters('', Array)
#4 /home/omid/programe/wordpress/coastwest/www2/wp-includes/plugin.php(484): WP_Hook->do_action(Array)
#5 /home/omid/programe/wordpress/coastwest/www2/wp-content/plugins/woocommerce/includes/wc-template-functions.php(1620): do_action('woocommerce_var...')
#6 /home/omid/programe/wordpress/coastwest/www2/wp-includes/class-wp-hook.php(292): woocommerce_template_single_add_to_cart('')
#7 /home/omid/programe/wordpress/coastwest/www2/wp-includes/class-wp-hook.php(316): WP_Hook->apply_filters(NULL, Array)
#8 /home/omid/programe/wordpress/coastwest/www2/wp-includes/plugin.php(484): WP_Hook->do_action(Array)
#9 /home/omid/programe/wordpress/coastwest/www2/wp-content/plugins/woocommerce/templates/content-single-product.php(60): do_action('woocommerce_sin...')
#10 /home/omid/programe/wordpress/coastwest/www2/wp-includes/template.php(732): require('/home/omid/prog...')
#11 /home/omid/programe/wordpress/coastwest/www2/wp-content/plugins/woocommerce/includes/wc-core-functions.php(284): load_template('/home/omid/prog...', false)
#12 /home/omid/programe/wordpress/coastwest/www2/wp-content/plugins/woocommerce/templates/single-product.php(37): wc_get_template_part('content', 'single-product')
#13 /home/omid/programe/wordpress/coastwest/www2/wp-includes/template-loader.php(106): include('/home/omid/prog...')
#14 /home/omid/programe/wordpress/coastwest/www2/wp-blog-header.php(19): require_once('/home/omid/prog...')
#15 /home/omid/programe/wordpress/coastwest/www2/index.php(17): require('/home/omid/prog...')
#16 {main}
  thrown in /home/omid/programe/wordpress/coastwest/www2/wp-content/themes/omid/woocommerce/single-product/add-to-cart/variable.php on line 28

2021-07-25T20:13:50+00:00 CRITICAL Uncaught TypeError: array_keys(): Argument #1 ($array) must be of type array, null given in /home/omid/programe/wordpress/coastwest/www2/wp-content/themes/omid/woocommerce/single-product/product-image.php:65
Stack trace:
#0 /home/omid/programe/wordpress/coastwest/www2/wp-content/themes/omid/woocommerce/single-product/product-image.php(65): array_keys(NULL)
#1 /home/omid/programe/wordpress/coastwest/www2/wp-content/plugins/woocommerce/includes/wc-core-functions.php(345): include('/home/omid/prog...')
#2 /home/omid/programe/wordpress/coastwest/www2/wp-content/plugins/woocommerce/includes/wc-template-functions.php(1482): wc_get_template('single-product/...')
#3 /home/omid/programe/wordpress/coastwest/www2/wp-includes/class-wp-hook.php(292): woocommerce_show_product_images('')
#4 /home/omid/programe/wordpress/coastwest/www2/wp-includes/class-wp-hook.php(316): WP_Hook->apply_filters(NULL, Array)
#5 /home/omid/programe/wordpress/coastwest/www2/wp-includes/plugin.php(484): WP_Hook->do_action(Array)
#6 /home/omid/programe/wordpress/coastwest/www2/wp-content/plugins/woocommerce/templates/content-single-product.php(43): do_action('woocommerce_bef...')
#7 /home/omid/programe/wordpress/coastwest/www2/wp-includes/template.php(732): require('/home/omid/prog...')
#8 /home/omid/programe/wordpress/coastwest/www2/wp-content/plugins/woocommerce/includes/wc-core-functions.php(284): load_template('/home/omid/prog...', false)
#9 /home/omid/programe/wordpress/coastwest/www2/wp-content/plugins/woocommerce/templates/single-product.php(37): wc_get_template_part('content', 'single-product')
#10 /home/omid/programe/wordpress/coastwest/www2/wp-includes/template-loader.php(106): include('/home/omid/prog...')
#11 /home/omid/programe/wordpress/coastwest/www2/wp-blog-header.php(19): require_once('/home/omid/prog...')
#12 /home/omid/programe/wordpress/coastwest/www2/index.php(17): require('/home/omid/prog...')
#13 {main}
  thrown in /home/omid/programe/wordpress/coastwest/www2/wp-content/themes/omid/woocommerce/single-product/product-image.php on line 65

2021-07-25T20:13:55+00:00 CRITICAL Uncaught TypeError: array_keys(): Argument #1 ($array) must be of type array, null given in /home/omid/programe/wordpress/coastwest/www2/wp-content/themes/omid/woocommerce/single-product/product-image.php:65
Stack trace:
#0 /home/omid/programe/wordpress/coastwest/www2/wp-content/themes/omid/woocommerce/single-product/product-image.php(65): array_keys(NULL)
#1 /home/omid/programe/wordpress/coastwest/www2/wp-content/plugins/woocommerce/includes/wc-core-functions.php(345): include('/home/omid/prog...')
#2 /home/omid/programe/wordpress/coastwest/www2/wp-content/plugins/woocommerce/includes/wc-template-functions.php(1482): wc_get_template('single-product/...')
#3 /home/omid/programe/wordpress/coastwest/www2/wp-includes/class-wp-hook.php(292): woocommerce_show_product_images('')
#4 /home/omid/programe/wordpress/coastwest/www2/wp-includes/class-wp-hook.php(316): WP_Hook->apply_filters(NULL, Array)
#5 /home/omid/programe/wordpress/coastwest/www2/wp-includes/plugin.php(484): WP_Hook->do_action(Array)
#6 /home/omid/programe/wordpress/coastwest/www2/wp-content/plugins/woocommerce/templates/content-single-product.php(43): do_action('woocommerce_bef...')
#7 /home/omid/programe/wordpress/coastwest/www2/wp-includes/template.php(732): require('/home/omid/prog...')
#8 /home/omid/programe/wordpress/coastwest/www2/wp-content/plugins/woocommerce/includes/wc-core-functions.php(284): load_template('/home/omid/prog...', false)
#9 /home/omid/programe/wordpress/coastwest/www2/wp-content/plugins/woocommerce/templates/single-product.php(37): wc_get_template_part('content', 'single-product')
#10 /home/omid/programe/wordpress/coastwest/www2/wp-includes/template-loader.php(106): include('/home/omid/prog...')
#11 /home/omid/programe/wordpress/coastwest/www2/wp-blog-header.php(19): require_once('/home/omid/prog...')
#12 /home/omid/programe/wordpress/coastwest/www2/index.php(17): require('/home/omid/prog...')
#13 {main}
  thrown in /home/omid/programe/wordpress/coastwest/www2/wp-content/themes/omid/woocommerce/single-product/product-image.php on line 65

2021-07-25T20:16:29+00:00 CRITICAL Uncaught TypeError: array_keys(): Argument #1 ($array) must be of type array, null given in /home/omid/programe/wordpress/coastwest/www2/wp-content/themes/omid/woocommerce/single-product/product-image.php:68
Stack trace:
#0 /home/omid/programe/wordpress/coastwest/www2/wp-content/themes/omid/woocommerce/single-product/product-image.php(68): array_keys(NULL)
#1 /home/omid/programe/wordpress/coastwest/www2/wp-content/plugins/woocommerce/includes/wc-core-functions.php(345): include('/home/omid/prog...')
#2 /home/omid/programe/wordpress/coastwest/www2/wp-content/plugins/woocommerce/includes/wc-template-functions.php(1482): wc_get_template('single-product/...')
#3 /home/omid/programe/wordpress/coastwest/www2/wp-includes/class-wp-hook.php(292): woocommerce_show_product_images('')
#4 /home/omid/programe/wordpress/coastwest/www2/wp-includes/class-wp-hook.php(316): WP_Hook->apply_filters(NULL, Array)
#5 /home/omid/programe/wordpress/coastwest/www2/wp-includes/plugin.php(484): WP_Hook->do_action(Array)
#6 /home/omid/programe/wordpress/coastwest/www2/wp-content/plugins/woocommerce/templates/content-single-product.php(43): do_action('woocommerce_bef...')
#7 /home/omid/programe/wordpress/coastwest/www2/wp-includes/template.php(732): require('/home/omid/prog...')
#8 /home/omid/programe/wordpress/coastwest/www2/wp-content/plugins/woocommerce/includes/wc-core-functions.php(284): load_template('/home/omid/prog...', false)
#9 /home/omid/programe/wordpress/coastwest/www2/wp-content/plugins/woocommerce/templates/single-product.php(37): wc_get_template_part('content', 'single-product')
#10 /home/omid/programe/wordpress/coastwest/www2/wp-includes/template-loader.php(106): include('/home/omid/prog...')
#11 /home/omid/programe/wordpress/coastwest/www2/wp-blog-header.php(19): require_once('/home/omid/prog...')
#12 /home/omid/programe/wordpress/coastwest/www2/index.php(17): require('/home/omid/prog...')
#13 {main}
  thrown in /home/omid/programe/wordpress/coastwest/www2/wp-content/themes/omid/woocommerce/single-product/product-image.php on line 68

2021-07-25T20:17:01+00:00 CRITICAL Uncaught TypeError: array_keys(): Argument #1 ($array) must be of type array, null given in /home/omid/programe/wordpress/coastwest/www2/wp-content/themes/omid/woocommerce/single-product/product-image.php:68
Stack trace:
#0 /home/omid/programe/wordpress/coastwest/www2/wp-content/themes/omid/woocommerce/single-product/product-image.php(68): array_keys(NULL)
#1 /home/omid/programe/wordpress/coastwest/www2/wp-content/plugins/woocommerce/includes/wc-core-functions.php(345): include('/home/omid/prog...')
#2 /home/omid/programe/wordpress/coastwest/www2/wp-content/plugins/woocommerce/includes/wc-template-functions.php(1482): wc_get_template('single-product/...')
#3 /home/omid/programe/wordpress/coastwest/www2/wp-includes/class-wp-hook.php(292): woocommerce_show_product_images('')
#4 /home/omid/programe/wordpress/coastwest/www2/wp-includes/class-wp-hook.php(316): WP_Hook->apply_filters(NULL, Array)
#5 /home/omid/programe/wordpress/coastwest/www2/wp-includes/plugin.php(484): WP_Hook->do_action(Array)
#6 /home/omid/programe/wordpress/coastwest/www2/wp-content/plugins/woocommerce/templates/content-single-product.php(43): do_action('woocommerce_bef...')
#7 /home/omid/programe/wordpress/coastwest/www2/wp-includes/template.php(732): require('/home/omid/prog...')
#8 /home/omid/programe/wordpress/coastwest/www2/wp-content/plugins/woocommerce/includes/wc-core-functions.php(284): load_template('/home/omid/prog...', false)
#9 /home/omid/programe/wordpress/coastwest/www2/wp-content/plugins/woocommerce/templates/single-product.php(37): wc_get_template_part('content', 'single-product')
#10 /home/omid/programe/wordpress/coastwest/www2/wp-includes/template-loader.php(106): include('/home/omid/prog...')
#11 /home/omid/programe/wordpress/coastwest/www2/wp-blog-header.php(19): require_once('/home/omid/prog...')
#12 /home/omid/programe/wordpress/coastwest/www2/index.php(17): require('/home/omid/prog...')
#13 {main}
  thrown in /home/omid/programe/wordpress/coastwest/www2/wp-content/themes/omid/woocommerce/single-product/product-image.php on line 68

2021-07-25T20:18:11+00:00 CRITICAL Uncaught TypeError: array_keys(): Argument #1 ($array) must be of type array, null given in /home/omid/programe/wordpress/coastwest/www2/wp-content/themes/omid/woocommerce/single-product/product-image.php:74
Stack trace:
#0 /home/omid/programe/wordpress/coastwest/www2/wp-content/themes/omid/woocommerce/single-product/product-image.php(74): array_keys(NULL)
#1 /home/omid/programe/wordpress/coastwest/www2/wp-content/plugins/woocommerce/includes/wc-core-functions.php(345): include('/home/omid/prog...')
#2 /home/omid/programe/wordpress/coastwest/www2/wp-content/plugins/woocommerce/includes/wc-template-functions.php(1482): wc_get_template('single-product/...')
#3 /home/omid/programe/wordpress/coastwest/www2/wp-includes/class-wp-hook.php(292): woocommerce_show_product_images('')
#4 /home/omid/programe/wordpress/coastwest/www2/wp-includes/class-wp-hook.php(316): WP_Hook->apply_filters(NULL, Array)
#5 /home/omid/programe/wordpress/coastwest/www2/wp-includes/plugin.php(484): WP_Hook->do_action(Array)
#6 /home/omid/programe/wordpress/coastwest/www2/wp-content/plugins/woocommerce/templates/content-single-product.php(43): do_action('woocommerce_bef...')
#7 /home/omid/programe/wordpress/coastwest/www2/wp-includes/template.php(732): require('/home/omid/prog...')
#8 /home/omid/programe/wordpress/coastwest/www2/wp-content/plugins/woocommerce/includes/wc-core-functions.php(284): load_template('/home/omid/prog...', false)
#9 /home/omid/programe/wordpress/coastwest/www2/wp-content/plugins/woocommerce/templates/single-product.php(37): wc_get_template_part('content', 'single-product')
#10 /home/omid/programe/wordpress/coastwest/www2/wp-includes/template-loader.php(106): include('/home/omid/prog...')
#11 /home/omid/programe/wordpress/coastwest/www2/wp-blog-header.php(19): require_once('/home/omid/prog...')
#12 /home/omid/programe/wordpress/coastwest/www2/index.php(17): require('/home/omid/prog...')
#13 {main}
  thrown in /home/omid/programe/wordpress/coastwest/www2/wp-content/themes/omid/woocommerce/single-product/product-image.php on line 74

2021-07-25T20:19:13+00:00 CRITICAL Uncaught TypeError: array_keys(): Argument #1 ($array) must be of type array, null given in /home/omid/programe/wordpress/coastwest/www2/wp-content/themes/omid/woocommerce/single-product/product-image.php:88
Stack trace:
#0 /home/omid/programe/wordpress/coastwest/www2/wp-content/themes/omid/woocommerce/single-product/product-image.php(88): array_keys(NULL)
#1 /home/omid/programe/wordpress/coastwest/www2/wp-content/plugins/woocommerce/includes/wc-core-functions.php(345): include('/home/omid/prog...')
#2 /home/omid/programe/wordpress/coastwest/www2/wp-content/plugins/woocommerce/includes/wc-template-functions.php(1482): wc_get_template('single-product/...')
#3 /home/omid/programe/wordpress/coastwest/www2/wp-includes/class-wp-hook.php(292): woocommerce_show_product_images('')
#4 /home/omid/programe/wordpress/coastwest/www2/wp-includes/class-wp-hook.php(316): WP_Hook->apply_filters(NULL, Array)
#5 /home/omid/programe/wordpress/coastwest/www2/wp-includes/plugin.php(484): WP_Hook->do_action(Array)
#6 /home/omid/programe/wordpress/coastwest/www2/wp-content/plugins/woocommerce/templates/content-single-product.php(43): do_action('woocommerce_bef...')
#7 /home/omid/programe/wordpress/coastwest/www2/wp-includes/template.php(732): require('/home/omid/prog...')
#8 /home/omid/programe/wordpress/coastwest/www2/wp-content/plugins/woocommerce/includes/wc-core-functions.php(284): load_template('/home/omid/prog...', false)
#9 /home/omid/programe/wordpress/coastwest/www2/wp-content/plugins/woocommerce/templates/single-product.php(37): wc_get_template_part('content', 'single-product')
#10 /home/omid/programe/wordpress/coastwest/www2/wp-includes/template-loader.php(106): include('/home/omid/prog...')
#11 /home/omid/programe/wordpress/coastwest/www2/wp-blog-header.php(19): require_once('/home/omid/prog...')
#12 /home/omid/programe/wordpress/coastwest/www2/index.php(17): require('/home/omid/prog...')
#13 {main}
  thrown in /home/omid/programe/wordpress/coastwest/www2/wp-content/themes/omid/woocommerce/single-product/product-image.php on line 88

